{
	"C:\\Users\\fvamos\\Desktop\\Other\\vite-template\\tailwind.config.js": {
		"path": "C:\\Users\\fvamos\\Desktop\\Other\\vite-template\\tailwind.config.js",
		"all": true,
		"statementMap": {
			"0": {
				"start": { "line": 1, "column": 0 },
				"end": { "line": 1, "column": 43 }
			},
			"1": {
				"start": { "line": 2, "column": 0 },
				"end": { "line": 2, "column": 18 }
			},
			"2": {
				"start": { "line": 3, "column": 0 },
				"end": { "line": 3, "column": 57 }
			},
			"3": {
				"start": { "line": 4, "column": 0 },
				"end": { "line": 4, "column": 9 }
			},
			"4": {
				"start": { "line": 5, "column": 0 },
				"end": { "line": 5, "column": 13 }
			},
			"5": {
				"start": { "line": 6, "column": 0 },
				"end": { "line": 6, "column": 3 }
			},
			"6": {
				"start": { "line": 7, "column": 0 },
				"end": { "line": 7, "column": 13 }
			},
			"7": {
				"start": { "line": 8, "column": 0 },
				"end": { "line": 8, "column": 2 }
			}
		},
		"s": { "0": 0, "1": 0, "2": 0, "3": 0, "4": 0, "5": 0, "6": 0, "7": 0 },
		"branchMap": {
			"0": {
				"type": "branch",
				"line": 1,
				"loc": {
					"start": { "line": 1, "column": 165 },
					"end": { "line": 8, "column": 2 }
				},
				"locations": [
					{
						"start": { "line": 1, "column": 165 },
						"end": { "line": 8, "column": 2 }
					}
				]
			}
		},
		"b": { "0": [0] },
		"fnMap": {
			"0": {
				"name": "(empty-report)",
				"decl": {
					"start": { "line": 1, "column": 165 },
					"end": { "line": 8, "column": 2 }
				},
				"loc": {
					"start": { "line": 1, "column": 165 },
					"end": { "line": 8, "column": 2 }
				},
				"line": 1
			}
		},
		"f": { "0": 0 }
	},
	"C:\\Users\\fvamos\\Desktop\\Other\\vite-template\\src\\App.tsx": {
		"path": "C:\\Users\\fvamos\\Desktop\\Other\\vite-template\\src\\App.tsx",
		"all": false,
		"statementMap": {
			"0": {
				"start": { "line": 1, "column": 0 },
				"end": { "line": 1, "column": 48 }
			},
			"2": {
				"start": { "line": 3, "column": 0 },
				"end": { "line": 3, "column": 16 }
			},
			"3": {
				"start": { "line": 4, "column": 0 },
				"end": { "line": 4, "column": 9 }
			},
			"4": {
				"start": { "line": 5, "column": 0 },
				"end": { "line": 5, "column": 45 }
			},
			"5": {
				"start": { "line": 6, "column": 0 },
				"end": { "line": 6, "column": 60 }
			},
			"6": {
				"start": { "line": 7, "column": 0 },
				"end": { "line": 7, "column": 51 }
			},
			"10": {
				"start": { "line": 11, "column": 0 },
				"end": { "line": 11, "column": 1 }
			},
			"12": {
				"start": { "line": 13, "column": 0 },
				"end": { "line": 13, "column": 19 }
			}
		},
		"s": { "0": 1, "2": 1, "3": 1, "4": 1, "5": 1, "6": 1, "10": 1, "12": 1 },
		"branchMap": {
			"0": {
				"type": "branch",
				"line": 3,
				"loc": {
					"start": { "line": 3, "column": 0 },
					"end": { "line": 11, "column": 1 }
				},
				"locations": [
					{
						"start": { "line": 3, "column": 0 },
						"end": { "line": 11, "column": 1 }
					}
				]
			}
		},
		"b": { "0": [1] },
		"fnMap": {
			"0": {
				"name": "App",
				"decl": {
					"start": { "line": 3, "column": 0 },
					"end": { "line": 11, "column": 1 }
				},
				"loc": {
					"start": { "line": 3, "column": 0 },
					"end": { "line": 11, "column": 1 }
				},
				"line": 3
			}
		},
		"f": { "0": 1 }
	},
	"C:\\Users\\fvamos\\Desktop\\Other\\vite-template\\src\\main.tsx": {
		"path": "C:\\Users\\fvamos\\Desktop\\Other\\vite-template\\src\\main.tsx",
		"all": true,
		"statementMap": {
			"0": {
				"start": { "line": 1, "column": 0 },
				"end": { "line": 1, "column": 35 }
			},
			"1": {
				"start": { "line": 2, "column": 0 },
				"end": { "line": 2, "column": 46 }
			},
			"2": {
				"start": { "line": 3, "column": 0 },
				"end": { "line": 3, "column": 21 }
			},
			"3": {
				"start": { "line": 4, "column": 0 },
				"end": { "line": 4, "column": 28 }
			},
			"5": {
				"start": { "line": 6, "column": 0 },
				"end": { "line": 6, "column": 52 }
			},
			"6": {
				"start": { "line": 7, "column": 0 },
				"end": { "line": 7, "column": 13 }
			},
			"7": {
				"start": { "line": 8, "column": 0 },
				"end": { "line": 8, "column": 9 }
			}
		},
		"s": { "0": 0, "1": 0, "2": 0, "3": 0, "5": 0, "6": 0, "7": 0 },
		"branchMap": {
			"0": {
				"type": "branch",
				"line": 1,
				"loc": {
					"start": { "line": 1, "column": 0 },
					"end": { "line": 10, "column": -146 }
				},
				"locations": [
					{
						"start": { "line": 1, "column": 0 },
						"end": { "line": 10, "column": -146 }
					}
				]
			}
		},
		"b": { "0": [0] },
		"fnMap": {
			"0": {
				"name": "(empty-report)",
				"decl": {
					"start": { "line": 1, "column": 0 },
					"end": { "line": 10, "column": -146 }
				},
				"loc": {
					"start": { "line": 1, "column": 0 },
					"end": { "line": 10, "column": -146 }
				},
				"line": 1
			}
		},
		"f": { "0": 0 }
	},
	"C:\\Users\\fvamos\\Desktop\\Other\\vite-template\\src\\components\\ui\\button.tsx": {
		"path": "C:\\Users\\fvamos\\Desktop\\Other\\vite-template\\src\\components\\ui\\button.tsx",
		"all": false,
		"statementMap": {
			"0": {
				"start": { "line": 1, "column": 0 },
				"end": { "line": 1, "column": 44 }
			},
			"1": {
				"start": { "line": 2, "column": 0 },
				"end": { "line": 2, "column": 66 }
			},
			"2": {
				"start": { "line": 3, "column": 0 },
				"end": { "line": 3, "column": 31 }
			},
			"4": {
				"start": { "line": 5, "column": 0 },
				"end": { "line": 5, "column": 33 }
			},
			"6": {
				"start": { "line": 7, "column": 0 },
				"end": { "line": 7, "column": 27 }
			},
			"7": {
				"start": { "line": 8, "column": 0 },
				"end": { "line": 8, "column": 406 }
			},
			"8": {
				"start": { "line": 9, "column": 0 },
				"end": { "line": 9, "column": 2 }
			},
			"9": {
				"start": { "line": 10, "column": 0 },
				"end": { "line": 10, "column": 13 }
			},
			"10": {
				"start": { "line": 11, "column": 0 },
				"end": { "line": 11, "column": 13 }
			},
			"11": {
				"start": { "line": 12, "column": 0 },
				"end": { "line": 12, "column": 12 }
			},
			"12": {
				"start": { "line": 13, "column": 0 },
				"end": { "line": 13, "column": 72 }
			},
			"13": {
				"start": { "line": 14, "column": 0 },
				"end": { "line": 14, "column": 16 }
			},
			"14": {
				"start": { "line": 15, "column": 0 },
				"end": { "line": 15, "column": 84 }
			},
			"15": {
				"start": { "line": 16, "column": 0 },
				"end": { "line": 16, "column": 12 }
			},
			"16": {
				"start": { "line": 17, "column": 0 },
				"end": { "line": 17, "column": 96 }
			},
			"17": {
				"start": { "line": 18, "column": 0 },
				"end": { "line": 18, "column": 14 }
			},
			"18": {
				"start": { "line": 19, "column": 0 },
				"end": { "line": 19, "column": 78 }
			},
			"19": {
				"start": { "line": 20, "column": 0 },
				"end": { "line": 20, "column": 58 }
			},
			"20": {
				"start": { "line": 21, "column": 0 },
				"end": { "line": 21, "column": 60 }
			},
			"21": {
				"start": { "line": 22, "column": 0 },
				"end": { "line": 22, "column": 5 }
			},
			"22": {
				"start": { "line": 23, "column": 0 },
				"end": { "line": 23, "column": 10 }
			},
			"23": {
				"start": { "line": 24, "column": 0 },
				"end": { "line": 24, "column": 45 }
			},
			"24": {
				"start": { "line": 25, "column": 0 },
				"end": { "line": 25, "column": 48 }
			},
			"25": {
				"start": { "line": 26, "column": 0 },
				"end": { "line": 26, "column": 47 }
			},
			"26": {
				"start": { "line": 27, "column": 0 },
				"end": { "line": 27, "column": 19 }
			},
			"27": {
				"start": { "line": 28, "column": 0 },
				"end": { "line": 28, "column": 5 }
			},
			"28": {
				"start": { "line": 29, "column": 0 },
				"end": { "line": 29, "column": 4 }
			},
			"29": {
				"start": { "line": 30, "column": 0 },
				"end": { "line": 30, "column": 20 }
			},
			"30": {
				"start": { "line": 31, "column": 0 },
				"end": { "line": 31, "column": 22 }
			},
			"31": {
				"start": { "line": 32, "column": 0 },
				"end": { "line": 32, "column": 19 }
			},
			"32": {
				"start": { "line": 33, "column": 0 },
				"end": { "line": 33, "column": 4 }
			},
			"33": {
				"start": { "line": 34, "column": 0 },
				"end": { "line": 34, "column": 3 }
			},
			"36": {
				"start": { "line": 37, "column": 0 },
				"end": { "line": 37, "column": 17 }
			},
			"37": {
				"start": { "line": 38, "column": 0 },
				"end": { "line": 38, "column": 11 }
			},
			"38": {
				"start": { "line": 39, "column": 0 },
				"end": { "line": 39, "column": 9 }
			},
			"39": {
				"start": { "line": 40, "column": 0 },
				"end": { "line": 40, "column": 6 }
			},
			"40": {
				"start": { "line": 41, "column": 0 },
				"end": { "line": 41, "column": 17 }
			},
			"41": {
				"start": { "line": 42, "column": 0 },
				"end": { "line": 42, "column": 9 }
			},
			"45": {
				"start": { "line": 46, "column": 0 },
				"end": { "line": 46, "column": 5 }
			},
			"46": {
				"start": { "line": 47, "column": 0 },
				"end": { "line": 47, "column": 40 }
			},
			"48": {
				"start": { "line": 49, "column": 0 },
				"end": { "line": 49, "column": 9 }
			},
			"49": {
				"start": { "line": 50, "column": 0 },
				"end": { "line": 50, "column": 7 }
			},
			"50": {
				"start": { "line": 51, "column": 0 },
				"end": { "line": 51, "column": 21 }
			},
			"51": {
				"start": { "line": 52, "column": 0 },
				"end": { "line": 52, "column": 63 }
			},
			"52": {
				"start": { "line": 53, "column": 0 },
				"end": { "line": 53, "column": 13 }
			},
			"55": {
				"start": { "line": 56, "column": 0 },
				"end": { "line": 56, "column": 1 }
			}
		},
		"s": {
			"0": 1,
			"1": 1,
			"2": 1,
			"4": 1,
			"6": 1,
			"7": 1,
			"8": 1,
			"9": 1,
			"10": 1,
			"11": 1,
			"12": 1,
			"13": 1,
			"14": 1,
			"15": 1,
			"16": 1,
			"17": 1,
			"18": 1,
			"19": 1,
			"20": 1,
			"21": 1,
			"22": 1,
			"23": 1,
			"24": 1,
			"25": 1,
			"26": 1,
			"27": 1,
			"28": 1,
			"29": 1,
			"30": 1,
			"31": 1,
			"32": 1,
			"33": 1,
			"36": 1,
			"37": 1,
			"38": 1,
			"39": 1,
			"40": 1,
			"41": 1,
			"45": 1,
			"46": 1,
			"48": 1,
			"49": 1,
			"50": 1,
			"51": 1,
			"52": 1,
			"55": 1
		},
		"branchMap": {
			"0": {
				"type": "branch",
				"line": 37,
				"loc": {
					"start": { "line": 37, "column": 0 },
					"end": { "line": 56, "column": 1 }
				},
				"locations": [
					{
						"start": { "line": 37, "column": 0 },
						"end": { "line": 56, "column": 1 }
					}
				]
			},
			"1": {
				"type": "branch",
				"line": 47,
				"loc": {
					"start": { "line": 47, "column": 14 },
					"end": { "line": 47, "column": 31 }
				},
				"locations": [
					{
						"start": { "line": 47, "column": 14 },
						"end": { "line": 47, "column": 31 }
					}
				]
			}
		},
		"b": { "0": [1], "1": [0] },
		"fnMap": {
			"0": {
				"name": "Button",
				"decl": {
					"start": { "line": 37, "column": 0 },
					"end": { "line": 56, "column": 1 }
				},
				"loc": {
					"start": { "line": 37, "column": 0 },
					"end": { "line": 56, "column": 1 }
				},
				"line": 37
			}
		},
		"f": { "0": 1 }
	},
	"C:\\Users\\fvamos\\Desktop\\Other\\vite-template\\src\\lib\\utils.ts": {
		"path": "C:\\Users\\fvamos\\Desktop\\Other\\vite-template\\src\\lib\\utils.ts",
		"all": false,
		"statementMap": {
			"0": {
				"start": { "line": 1, "column": 0 },
				"end": { "line": 1, "column": 45 }
			},
			"1": {
				"start": { "line": 2, "column": 0 },
				"end": { "line": 2, "column": 41 }
			},
			"3": {
				"start": { "line": 4, "column": 0 },
				"end": { "line": 4, "column": 45 }
			},
			"4": {
				"start": { "line": 5, "column": 0 },
				"end": { "line": 5, "column": 30 }
			},
			"5": {
				"start": { "line": 6, "column": 0 },
				"end": { "line": 6, "column": 1 }
			}
		},
		"s": { "0": 1, "1": 1, "3": 1, "4": 1, "5": 1 },
		"branchMap": {
			"0": {
				"type": "branch",
				"line": 4,
				"loc": {
					"start": { "line": 4, "column": 7 },
					"end": { "line": 6, "column": 1 }
				},
				"locations": [
					{
						"start": { "line": 4, "column": 7 },
						"end": { "line": 6, "column": 1 }
					}
				]
			}
		},
		"b": { "0": [1] },
		"fnMap": {
			"0": {
				"name": "cn",
				"decl": {
					"start": { "line": 4, "column": 7 },
					"end": { "line": 6, "column": 1 }
				},
				"loc": {
					"start": { "line": 4, "column": 7 },
					"end": { "line": 6, "column": 1 }
				},
				"line": 4
			}
		},
		"f": { "0": 1 }
	}
}
